0:100  0:100  MemLog inited, TSC freq: 2594107943
0:100  0:000  CPU was calibrated with ACPI PM Timer
0:100  0:000  
0:100  0:000  Now is 3.11.2018,  19:50:16 (GMT)
0:100  0:000  Starting Clover revision: 4722 on Lenovo EFI
0:100  0:000  Build with: [Args: -D NO_GRUB_DRIVERS_EMBEDDED -t XCODE8 | -D NO_GRUB_DRIVERS_EMBEDDED -D USE_LOW_EBDA -a X64 -b RELEASE -t XCODE8 -n 5 | OS: 10.13.6 | XCODE: 10.0]
0:100  0:000  SelfDevicePath=PciRoot(0x0)\Pci(0x1A,0x0)\USB(0x0,0x0)\USB(0x1,0x0)\HD(1,GPT,A83D3A2D-50AD-40CC-A82F-49A703AC0F4A,0x28,0x64000) @D323DE98
0:100  0:000  SelfDirPath = \EFI\BOOT
0:103  0:002  === [ Get Smbios ] ========================================
0:109  0:006  Type 16 Index = 0
0:109  0:000  Total Memory Slots Count = 2
0:109  0:000  Type 17 Index = 0
0:109  0:000  SmbiosTable.Type17->Speed = 1600MHz
0:109  0:000  SmbiosTable.Type17->Size = 8192MB
0:109  0:000  SmbiosTable.Type17->Bank/Device = BANK 0 ChannelA-DIMM0
0:109  0:000  SmbiosTable.Type17->Vendor = Kingston
0:109  0:000  SmbiosTable.Type17->SerialNumber = 610B974D
0:109  0:000  SmbiosTable.Type17->PartNumber = 9905428-095.D00LF 
0:109  0:000  Type 17 Index = 1
0:109  0:000  SmbiosTable.Type17->Speed = 1600MHz
0:109  0:000  SmbiosTable.Type17->Size = 8192MB
0:109  0:000  SmbiosTable.Type17->Bank/Device = BANK 2 ChannelB-DIMM0
0:109  0:000  SmbiosTable.Type17->Vendor = Kingston
0:109  0:000  SmbiosTable.Type17->SerialNumber = 5F0B6D4D
0:109  0:000  SmbiosTable.Type17->PartNumber = 9905428-095.D00LF 
0:109  0:000  Boot status=0
0:109  0:000  Running on: '2320K9V' with board '2320K9V'
0:109  0:000  === [ GetCPUProperties ] ==================================
0:109  0:000  CPU Vendor = 756E6547 Model=306A9
0:109  0:000   The CPU supported SSE4.1
0:109  0:000  BrandString = Intel(R) Core(TM) i5-3230M CPU @ 2.60GHz
0:109  0:000   The CPU supported turbo
0:109  0:000  MSR 0x35               20004
0:109  0:000  MSR 0xE2 before patch 1E008404
0:109  0:000  MSR 0xE2 is locked, PM patches will be turned on
0:109  0:000  MSR 0xCE              00080C10_E0011A00
0:109  0:000  corrected FLEX_RATIO = 100000
0:109  0:000  MSR 0x1B0             00000000
0:109  0:000  FSBFrequency = 100 MHz, DMI FSBFrequency = 100 MHz, Corrected FSBFrequency = 100 MHz
0:109  0:000  MaxDiv/MinDiv: 26.0/12
0:109  0:000  Turbo: 30/30/30/32
0:109  0:000  Features: 0xBFEBFBFF
0:109  0:000  Threads: 4
0:109  0:000  Cores: 2
0:109  0:000  FSB: 100 MHz
0:109  0:000  CPU: 2600 MHz
0:109  0:000  TSC: 2600 MHz
0:109  0:000  PIS: 100 MHz
0:109  0:000  ExternalClock: 25 MHz
0:109  0:000  === [ GetDevices ] ========================================
0:109  0:000  PCI (00|00:1D.00) : 8086 1E26 class=0C0320
0:109  0:000  PCI (00|00:1A.00) : 8086 1E2D class=0C0320
0:109  0:000  PCI (00|00:14.00) : 8086 1E31 class=0C0330
0:110  0:000  PCI (00|00:1C.00) : 8086 1E10 class=060400
0:110  0:000  PCI (00|02:00.00) : 1180 E823 class=088001
0:110  0:000  PCI (00|00:02.00) : 8086 0166 class=030000
0:110  0:000   - GFX: Model=Intel HD Graphics 4000 (Intel)
0:110  0:000  PCI (00|00:1F.00) : 8086 1E55 class=060100
0:110  0:000  PCI (00|00:1C.01) : 8086 1E12 class=060400
0:110  0:000  PCI (00|00:1C.02) : 8086 1E14 class=060400
0:110  0:000  PCI (00|00:1F.02) : 8086 1E03 class=010601
0:110  0:000  PCI (00|00:00.00) : 8086 0154 class=060000
0:110  0:000  PCI (00|00:16.00) : 8086 1E3A class=078000
0:110  0:000  PCI (00|00:16.01) : FFFF FFFF class=FFFFFF
0:110  0:000  PCI (00|00:19.00) : 8086 1502 class=020000
0:110  0:000   - LAN: 0 Vendor=Intel
0:110  0:000  PCI (00|00:1B.00) : 8086 1E20 class=040300
0:110  0:000  PCI (00|03:00.00) : 8086 0085 class=028000
0:110  0:000   - WIFI: Vendor=Intel
0:110  0:000  PCI (00|00:1F.03) : 8086 1E22 class=0C0500
0:110  0:000  PCI (00|00:1F.06) : FFFF FFFF class=FFFFFF
0:110  0:000  === [ GetDefaultSettings ] ================================
0:110  0:000  Clover load options size = 0 bytes
0:160  0:049  EFI\CLOVER\config.plist loaded: Success
0:173  0:012  === [ GetListOfThemes ] ===================================
0:176  0:003  - [00]: High Sierra
0:183  0:007  - [01]: random
0:190  0:006  - [01]: bootcamp
0:202  0:012  - [02]: embedded
0:208  0:005  === [ Found config plists ] ===============================
0:208  0:000  - config copy.plist
0:208  0:000  - config.plist
0:208  0:000  - config copy 2.plist
0:208  0:000  === [ GetEarlyUserSettings ] ==============================
0:208  0:000  timeout set to 1
0:208  0:000  Custom boot CUSTOM_BOOT_DISABLED (0x0)
0:208  0:000  KextsToPatch: 15 requested
0:208  0:000   - [00]: IOBluetoothFamily (10.11+-BT4LE-Handoff-Hotspot-lisai9093) :: BinPatch :: data len: 8
0:208  0:000   - [01]: AirPortBrcm4360 (10.11+-BCM94352-5GHz-US-FCC-darkvoid) :: BinPatch :: data len: 7
0:208  0:000   - patch disabled at config
0:208  0:000   - [02]: AirPortBrcm4360 (10.12-BCM94352-0x43b114e4-Info.plist-bpresles) :: PlistPatch :: data len: 29
0:208  0:000   - patch disabled at config
0:208  0:000   - [03]: AirPortBrcm4360 (10.9-BCM94352-5 GHz) :: BinPatch :: data len: 3
0:208  0:000   - patch disabled at config
0:208  0:000   - [04]: AirPortBrcm4360 (10.11+-BCM94352-Whitelest-0x4331-iMac14,3-skvo) :: BinPatch :: data len: 20
0:208  0:000   - patch disabled at config
0:208  0:000   - [05]: AirPortBrcm4360 (10.11+-BCM94352-Whitelest-0x4353-MacBoolAir5,2-skvo) :: BinPatch :: data len: 20
0:208  0:000   - patch disabled at config
0:208  0:000   - [06]: AirPortBrcm4360 (10.11-BCM94352-CC=#a-Ramalama) :: BinPatch :: data len: 7
0:208  0:000   - patch disabled at config
0:208  0:000   - [07]: AirPortBrcm4360 (10.11+-BCM94352-Airport-Extreme-skvo) :: BinPatch :: data len: 6
0:208  0:000   - patch disabled at config
0:208  0:000   - [08]: AirPortBrcm4360 (10.10-BCM94352-5GHz-US-FCC-dv) :: BinPatch :: data len: 7
0:208  0:000   - patch disabled at config
0:208  0:000   - [09]: AirPortBrcm4360 (10.12-BCM94352-fvco-darkvoid) :: BinPatch :: data len: 8
0:208  0:000   - patch disabled at config
0:208  0:000   - [10]: AppleHDA (Zeroing 10ec0885 codec (patched by AppleHDA Patcher.app)) :: BinPatch :: data len: 4
0:208  0:000   - [11]: AppleHDA (Patching 11d41984 with 10ec0269 codec (patched by AppleHDA Patcher.app)) :: BinPatch :: data len: 4
0:208  0:000   - [12]: com.apple.driver.AppleBacklight (change F%uT%04x to F%uTxxxx for AppleBacklightInjector.kext (credit RehabMan)) :: BinPatch :: data len: 9
0:208  0:000   - patch disabled at config
0:208  0:000   - [13]: IOGraphicsFamily (Boot graphics glitch) :: BinPatch :: data len: 5
0:208  0:000   - [14]: com.apple.driver.AppleBacklight (change F%uT%04x to F%uTxxxx in AppleBacklightInjector.kext (credit RehabMan)) :: BinPatch :: data len: 9
0:208  0:000   - patch disabled at config
0:208  0:000  Default theme: High Sierra
0:208  0:000  Hiding entries with string \EFI\BOOT\BOOTX64.EFI
0:208  0:000  Hiding entries with string Preboot
0:208  0:000  Hiding entries with string Recovery
0:208  0:000  === [ LoadDrivers ] =======================================
0:214  0:005  Loading OsxFatBinaryDrv-64.efi  status=Success
0:214  0:000  Loading HFSPlus.efi  status=Success
0:220  0:005   - driver needs connecting
0:220  0:000  Loading PartitionDxe-64.efi  status=Success
0:220  0:000   - driver needs connecting
0:220  0:000  Loading DataHubDxe-64.efi  status=Success
0:232  0:012  Loading FSInject-64.efi  status=Success
0:238  0:005  Loading ApfsDriverLoader-64.efi  status=Success
0:238  0:000   - driver needs connecting
0:238  0:000  Loading EmuVariableUefi-64.efi  status=Success
0:253  0:014  EmuVariableUefi Initialize: VariableCommonInitialize = Success, orig services stored, install gEmuVariableControlProtocolGuid = Success
0:253  0:000  Loading SMCHelper-64.efi  status=Success
0:254  0:000  Loading AptioMemoryFix-64.efi  status=Success
0:255  0:000  Loading NTFS.efi  status=Success
0:271  0:016   - driver needs connecting
0:271  0:000  4 drivers needs connecting ...
0:271  0:000  PlatformDriverOverrideProtocol not found. Installing ... Success
0:271  0:000  Partition driver loaded: 
0:271  0:000  HFS+ driver loaded
0:271  0:000  APFS driver loaded
0:271  0:000  Searching for invalid DiskIo BY_DRIVER connects: not found, all ok
1:130  0:858  EmuVariable InstallEmulation: orig vars copied, emu.var.services installed, CreateEvent VirtualAddressChange = Success, CreateEvent ExitBootServices = Success, set Status=Success
1:193  0:063  === [ InitScreen ] ========================================
1:193  0:000  SetScreenResolution: 1366x768 - already set
1:193  0:000  Console modes reported: 6, available modes:
1:193  0:000   - [01]: 80x25
1:193  0:000   - [03]: 170x40 (current mode)
1:193  0:000   - [04]: 80x25
1:193  0:000   - [05]: 100x31
1:193  0:000   - [06]: 128x40
1:193  0:000  SetScreenResolution: 1366x768 - already set
1:210  0:016  reinit: self device path=PciRoot(0x0)\Pci(0x1A,0x0)\USB(0x0,0x0)\USB(0x1,0x0)\HD(1,GPT,A83D3A2D-50AD-40CC-A82F-49A703AC0F4A,0x28,0x64000)
1:210  0:000  Using embedded font: Success
1:211  0:000  === [ GetMacAddress ] =====================================
1:211  0:000  MAC address of LAN #0= 3C:97:0E:85:9B:79:
1:211  0:000  MAC address of LAN #1= 3C:97:0E:85:9B:79:
1:211  0:000  MAC address of LAN #2= 3C:97:0E:85:9B:79:
1:211  0:000  === [ ScanSPD ] ===========================================
1:212  0:000  SMBus device : 8086 1E22 class=0C0500 status=Success
1:212  0:000  SMBus CmdReg: 0x3
1:212  0:000  Scanning SMBus [8086:1E22], mmio: 0xF2534004, ioport: 0xEFA0, hostc: 0x1
1:212  0:000  Slots to scan [8]...
1:212  0:000  SPD[0]: Type 11 @0x50
1:231  0:019  DDR speed 1600MHz
1:231  0:000  Slot: 0 Type 24 8192MB 1600MHz Vendor=Kingston PartNo=9905428-095.D00LF SerialNo=0601000B0907040D
1:232  0:000  SPD[1]: Type 11 @0x51
1:251  0:019  DDR speed 1600MHz
1:251  0:000  Slot: 1 Type 24 8192MB 1600MHz Vendor=Kingston PartNo=9905428-095.D00LF SerialNo=050F000B060D040D
1:252  0:000  SPD[4]: Type 82 @0x54
1:252  0:000  SPD[5]: Type 82 @0x55
1:253  0:000  SPD[6]: Type 78 @0x56
1:253  0:000  === [ GetAcpiTablesList ] =================================
1:266  0:012  Get Acpi Tables List from RSDT:
1:266  0:000   - [00]: FACP  TP-G2    len=244
1:266  0:000   - [01]: SLIC  TP-G2    len=374
1:266  0:000   - [02]: TCPA  LENOVO len=50
1:266  0:000   - [03]: SSDT  TP-SSDT2 len=1032
1:266  0:000   - [04]: SSDT  TP-SSDT1 len=51
1:266  0:000   - [05]: SSDT  SataAhci len=1960
1:266  0:000   - [06]: HPET  TP-G2    len=56
1:266  0:000   - [07]: APIC  TP-G2    len=152
1:266  0:000   - [08]: MCFG  TP-G2    len=60
1:266  0:000   - [09]: ECDT  TP-G2    len=82
1:266  0:000   - [10]: FPDT  TP-G2    len=100
1:266  0:000   - [11]: ASF!  TP-G2    len=165
1:266  0:000   - [12]: UEFI  TP-G2    len=62
1:266  0:000   - [13]: UEFI  COMBUF len=66
1:266  0:000   - [14]: MSDM  TP-G2    len=85
1:266  0:000   - [15]: SSDT  Cpu0Ist len=3193
1:266  0:000   - [16]: SSDT  CpuPm len=2691
1:266  0:000   - [17]: DMAR  SNB  len=184
1:266  0:000   - [18]: SSDT  IffsAsl len=208
1:266  0:000   - [19]: UEFI  TP-G2    len=658
1:266  0:000   - [20]: DBG2  TP-G2    len=233
1:266  0:000   - [21]: BGRT  TP-G2    len=56
1:266  0:000  Calibrated TSC Frequency = 2594107943 = 2594MHz
1:266  0:000  === [ GetUserSettings ] ===================================
1:266  0:000  USB FixOwnership: no
1:266  0:000   - final DSDT Fix mask=00004004
1:266  0:000  PatchesDSDT: 1 requested
1:266  0:000   - [00]: (Rename GFX0 to IGPU) lenToFind: 4, lenToReplace: 4, Target Bridge: <null string>
1:266  0:000  EnableC6: yes
1:266  0:000  EnableC4: yes
1:266  0:000  EnableC2: yes
1:266  0:000  Using ProductName from config: MacBookPro9,2
1:266  0:000  Using latest BiosVersion from clover
1:266  0:000  BiosVersion: MBP91.88Z.F000.B00.1809210851
1:266  0:000  BiosReleaseDate: 09/21/2018
1:266  0:000  Using EfiVersion from clover: 222.0.0.0.0
1:266  0:000  Using FirmwareFeatures from config: 0xC00DE137
1:266  0:000  Using FirmwareFeaturesMask from config: 0xFF1FFF3F
1:266  0:000  Board-ID set from config as Mac-6F01561E16C75D06
1:266  0:000  BoardType: 0xA
1:266  0:000  ChassisType: 0x9
1:267  0:000  === [ Found DSDT tables ] =================================
1:267  0:000  - DSDT.aml
1:414  0:147  === [ ScanVolumes ] =======================================
1:414  0:000  Found 14 volumes with blockIO
1:414  0:000  - [00]: Volume: PciRoot(0x0)\Pci(0x1F,0x2)\Sata(0x0,0x0,0x0)
1:414  0:000  - [01]: Volume: PciRoot(0x0)\Pci(0x1F,0x2)\Sata(0x2,0x0,0x0)
1:414  0:000  - [02]: Volume: PciRoot(0x0)\Pci(0x1F,0x2)\Sata(0x0,0x0,0x0)\HD(1,GPT,BAE0DF09-4B20-48B9-A9A9-20DDE538C3CE,0x28,0x64000)
1:415  0:000          Result of bootcode detection: bootable unknown (legacy)
1:415  0:000  - [03]: Volume: PciRoot(0x0)\Pci(0x1F,0x2)\Sata(0x0,0x0,0x0)\HD(2,GPT,61446636-998A-42B2-8FAE-20B6A72A9010,0x64028,0x3A1AC0C0)
1:415  0:000  - [04]: Volume: PciRoot(0x0)\Pci(0x1F,0x2)\Sata(0x0,0x0,0x0)\HD(3,GPT,0EE22C76-E4E8-4910-86A9-DC592D73E54D,0x3A2100E8,0x135F20)
1:415  0:000          hiding this volume
1:415  0:000  - [05]: Volume: PciRoot(0x0)\Pci(0x1F,0x2)\Sata(0x2,0x0,0x0)\HD(1,GPT,D9226908-5B81-42BB-936F-82DF8008E5B7,0x28,0x64000)
1:415  0:000          Result of bootcode detection: bootable unknown (legacy)
1:415  0:000  - [06]: Volume: PciRoot(0x0)\Pci(0x1F,0x2)\Sata(0x2,0x0,0x0)\HD(2,GPT,D58F8822-A479-4BE9-B966-D78EC7E56B8C,0x64028,0x1DC8F260)
1:416  0:000          Result of bootcode detection: bootable unknown (legacy)
1:416  0:000  - [07]: Volume: PciRoot(0x0)\Pci(0x1A,0x0)\USB(0x0,0x0)\USB(0x1,0x0)
1:417  0:000          USB volume
1:417  0:000          USB volume
1:417  0:000  - [08]: Volume: PciRoot(0x0)\Pci(0x1A,0x0)\USB(0x0,0x0)\USB(0x1,0x0)\HD(1,GPT,A83D3A2D-50AD-40CC-A82F-49A703AC0F4A,0x28,0x64000)
1:418  0:001          Result of bootcode detection: bootable unknown (legacy)
1:418  0:000          USB volume
1:418  0:000          USB volume
1:428  0:009          This is SelfVolume !!
1:428  0:000  - [09]: Volume: PciRoot(0x0)\Pci(0x1A,0x0)\USB(0x0,0x0)\USB(0x1,0x0)\HD(2,GPT,8B13859B-CBCC-40EE-9CAA-3877F26BE52C,0x64028,0x1D2D7B0)
1:429  0:001          USB volume
1:429  0:000          USB volume
1:429  0:000  - [10]: Volume: PciRoot(0x0)\Pci(0x1F,0x2)\Sata(0x2,0x0,0x0)\HD(2,GPT,D58F8822-A479-4BE9-B966-D78EC7E56B8C,0x64028,0x1DC8F260)\VenMedia(BE74FCF7-0B7C-49F3-9147-01F4042E6842,7BC4273BECCAF342813059D2BD130B83)
1:430  0:000          hiding this volume
1:430  0:000  - [11]: Volume: PciRoot(0x0)\Pci(0x1F,0x2)\Sata(0x2,0x0,0x0)\HD(2,GPT,D58F8822-A479-4BE9-B966-D78EC7E56B8C,0x64028,0x1DC8F260)\VenMedia(BE74FCF7-0B7C-49F3-9147-01F4042E6842,EDC886DF61C40A399160E38973F0C723)
1:430  0:000  - [12]: Volume: PciRoot(0x0)\Pci(0x1F,0x2)\Sata(0x2,0x0,0x0)\HD(2,GPT,D58F8822-A479-4BE9-B966-D78EC7E56B8C,0x64028,0x1DC8F260)\VenMedia(BE74FCF7-0B7C-49F3-9147-01F4042E6842,215A615CE8C4D0418D5119B0987650F7)
1:430  0:000          hiding this volume
1:430  0:000  - [13]: Volume: PciRoot(0x0)\Pci(0x1F,0x2)\Sata(0x2,0x0,0x0)\HD(2,GPT,D58F8822-A479-4BE9-B966-D78EC7E56B8C,0x64028,0x1DC8F260)\VenMedia(BE74FCF7-0B7C-49F3-9147-01F4042E6842,FED889C879D22E4692DAE2DC53EAC0C0)
1:431  0:001  PutNvramPlistToRtVars: nvram.plist not found
1:431  0:000  === [ InitTheme ] =========================================
1:439  0:007  Using theme 'High Sierra' (EFI\CLOVER\themes\High Sierra)
1:439  0:000  OS main and drive as badge
1:448  0:009  Loading font from ThemeDir: Success
1:449  0:000  Chosen theme High Sierra
1:449  0:000  after NVRAM boot-args=UseKernelCache=Yes dart=0 darkwake=0 -xcpm -v debug=0x100
1:449  0:000  === [ Dump SMC keys from NVRAM ] ==========================
1:449  0:000  found AppleSMC protocol
1:450  0:000  Registered 17 SMC keys
1:450  0:000  === [ ScanLoader ] ========================================
1:450  0:000  - [02]: 'EFI'
1:450  0:000          AddLoaderEntry for Volume Name=EFI
1:450  0:000          skipped because entry is hidden
1:450  0:000  - [03]: 'Bulky'
1:528  0:078          AddLoaderEntry for Volume Name=Bulky
1:563  0:034      Check if volume Is Hibernated:
1:563  0:000      Check sleep image 'by signature':
1:644  0:081      read prefs \Library\Preferences\com.apple.PowerManagement.plist status=Success
1:644  0:000      using default sleep image name = \private\var\vm\sleepimage
1:695  0:051      no valid sleep image offset was found
1:695  0:000       sleepimage offset could not be acquired
1:695  0:000      hibernated: no - sign
1:792  0:096          [!] Icon 17 (icons\vol_internal_hfs.icns) not found (path: EFI\CLOVER\themes\High Sierra)
1:796  0:003  - [04]: 'Recovery HD', hidden
1:796  0:000  - [05]: 'EFI'
1:797  0:000          AddLoaderEntry for Volume Name=EFI
1:797  0:000          skipped because entry is hidden
1:797  0:000  - [08]: 'EFI'
1:805  0:008          AddLoaderEntry for Volume Name=EFI
1:805  0:000          skipped because entry is hidden
1:805  0:000  - [09]: 'Install macOS High Sierra'
1:807  0:001          AddLoaderEntry for Volume Name=Install macOS High Sierra
1:818  0:011          AddLoaderEntry for Volume Name=Install macOS High Sierra
1:818  0:000          skipped because entry is hidden
1:818  0:000  - [10]: 'Preboot', hidden
1:818  0:000  - [11]: 'Macintosh HD'
1:846  0:028          AddLoaderEntry for Volume Name=Macintosh HD
1:853  0:006      Check if volume Is Hibernated:
1:853  0:000      Check sleep image 'by signature':
1:864  0:010      read prefs \Library\Preferences\com.apple.PowerManagement.plist status=Success
1:864  0:000      using default sleep image name = \private\var\vm\sleepimage
1:869  0:005      sleepimage not found -> Not Found
1:869  0:000      hibernated: no - sign
1:869  0:000          [!] Icon 18 (icons\vol_internal_apfs.icns) not found (path: EFI\CLOVER\themes\High Sierra)
1:872  0:002  - [12]: 'Recovery', hidden
1:872  0:000  - [13]: 'VM'
1:872  0:000  === [ AddCustomTool ] =====================================
1:872  0:000  found tool \EFI\CLOVER\tools\Shell64U.efi
1:872  0:000  Checking EFI partition Volume 2 for Clover
1:914  0:041   Found Clover
1:914  0:000  EmuVariable UninstallEmulation: CloseEvent = Success, original var services restored
1:921  0:007  EmuVariable InstallEmulation: orig vars copied, emu.var.services installed, CreateEvent VirtualAddressChange = Success, CreateEvent ExitBootServices = Success, set Status=Success
1:985  0:063  === [ GetEfiBootDeviceFromNvram ] =========================
1:985  0:000   - found entry 2. 'Boot macOS from Macintosh HD', Volume 'Macintosh HD', DevicePath 'PciRoot(0x0)\Pci(0x1F,0x2)\Sata(0x2,0x0,0x0)\HD(2,GPT,D58F8822-A479-4BE9-B966-D78EC7E56B8C,0x64028,0x1DC8F260)\VenMedia(BE74FCF7-0B7C-49F3-9147-01F4042E6842,EDC886DF61C40A399160E38973F0C723)\System\Library\CoreServices\boot.efii'
1:985  0:000  EmuVariable UninstallEmulation: CloseEvent = Success, original var services restored
1:985  0:000  DefaultIndex=2 and MainMenu.EntryCount=9
2:470  0:485  GUI ready
4:260  1:789  not written Success
5:154  0:894  Found UEFI Acpi 2.0 RSDP at DAFFE014
5:154  0:000  Saving ACPI tables from RSDP DAFFE014 to EFI\CLOVER\ACPI\origin ...
5:154  0:000   DAFFE014: 'RSD PTR ', Rev: 2 (Acpi 2.0 or newer), Len: 36 -> RSDP.amlnot written Success
5:889  0:734  
5:889  0:000    (Xsdt: DAFFE170, Rsdt: DAFFE0D4)
5:889  0:000    DAFFE170: 'XSDT', 'TP-G2', Rev: 1, Len: 212 -> XSDT.amlnot written Success
6:373  0:484  
6:373  0:000    DAFFE0D4: 'RSDT', 'TP-G2', Rev: 1, Len: 124 -> RSDT.amlnot written Success
6:820  0:446  
6:820  0:000    Tables in Xsdt: 22
6:820  0:000    0. DAFE5000: 'FACP', 'TP-G2', Rev: 5, Len: 268 -> FACP.amlnot written Success
7:413  0:593  
7:413  0:000        (Dsdt: DAFE7000, Facs: DAF5A000, XDsdt: DAFE7000, XFacs: 0)
7:413  0:000        DAFE7000: 'DSDT', 'TP-G2', Rev: 1, Len: 70531 -> DSDT.amlnot written Success
7:822  0:408  
7:823  0:001        DAF5A000: 'FACS', Ver: 1, Len: 64 -> FACS.amlnot written Success
8:188  0:364  
8:188  0:000    1. DAFFD000: 'SLIC', 'TP-G2', Rev: 1, Len: 374 -> SLIC.amlnot written Success
8:594  0:406  
8:594  0:000    2. DAFFC000: 'TCPA', 'LENOVO', Rev: 2, Len: 50 -> TCPA.amlnot written Success
8:865  0:270  
8:865  0:000    3. DAFFB000: 'SSDT', 'TP-SSDT2', Rev: 1, Len: 1032 -> SSDT-0-TP-SSDT2.amlnot written Success
9:345  0:479  
9:345  0:000    4. DAFFA000: 'SSDT', 'TP-SSDT1', Rev: 1, Len: 51 -> SSDT-1-TP-SSDT1.amlnot written Success
9:629  0:284  
9:629  0:000    5. DAFF9000: 'SSDT', 'SataAhci', Rev: 1, Len: 1960 -> SSDT-2-SataAhci.amlnot written Success
9:990  0:360  
9:990  0:000    6. DAFE3000: 'HPET', 'TP-G2', Rev: 1, Len: 56 -> HPET.amlnot written Success
10:239  0:248  
10:239  0:000    7. DAFE2000: 'APIC', 'TP-G2', Rev: 1, Len: 152 -> APIC.amlnot written Success
10:508  0:268  
10:508  0:000    8. DAFE1000: 'MCFG', 'TP-G2', Rev: 1, Len: 60 -> MCFG.amlnot written Success
10:816  0:307  
10:816  0:000    9. DAFE0000: 'ECDT', 'TP-G2', Rev: 1, Len: 82 -> ECDT.amlnot written Success
11:096  0:280  
11:096  0:000    10. DAFDF000: 'FPDT', 'TP-G2', Rev: 1, Len: 100 -> FPDT.amlnot written Success
11:345  0:249  
11:345  0:000    11. DAFE6000: 'ASF!', 'TP-G2', Rev: 32, Len: 165 -> ASF!.amlnot written Success
11:646  0:300  
11:646  0:000    12. DAFDE000: 'UEFI', 'TP-G2', Rev: 1, Len: 62 -> UEFI.amlnot written Success
11:912  0:266  
11:912  0:000    13. DAFDD000: 'UEFI', 'COMBUF', Rev: 1, Len: 66 -> UEFI.amlnot written Success
12:217  0:305  
12:217  0:000    14. DAFDC000: 'MSDM', 'TP-G2', Rev: 3, Len: 85 -> MSDM.amlnot written Success
12:483  0:266  
12:483  0:000    15. DAFDB000: 'SSDT', 'Cpu0Ist', Rev: 1, Len: 3193 -> SSDT-3-Cpu0Ist.amlnot written Success
12:803  0:319  
12:803  0:000    16. DAFDA000: 'SSDT', 'CpuPm', Rev: 1, Len: 2691 -> SSDT-4-CpuPm.amlnot written Success
13:146  0:342   (Found hidden SSDT 4 pcs)
13:146  0:000        * D32DB018: 'podl', 'X.Ó', Rev: 88, Len: 0  70 6F 64 6C 00 00 00 00 58 05 2E D3 00 00 00 00 
13:146  0:000        * DAE3DA98: 'SSDT', 'ApIst', Rev: 1, Len: 771  53 53 44 54 03 03 00 00 01 83 50 6D 52 65 66 00 Internal length = 771not written Success
13:440  0:294   -> SSDT-x4_0-ApIst.aml
13:440  0:000        * DAE3C018: 'SSDT', 'Cpu0Cst', Rev: 1, Len: 2561  53 53 44 54 01 0A 00 00 01 ED 50 6D 52 65 66 00 Internal length = 2561not written Success
13:755  0:314   -> SSDT-x4_1-Cpu0Cst.aml
13:755  0:000        * DAE3BD98: 'SSDT', 'ApCst', Rev: 1, Len: 281  53 53 44 54 19 01 00 00 01 F9 50 6D 52 65 66 00 Internal length = 281not written Success
14:043  0:287   -> SSDT-x4_2-ApCst.aml
14:043  0:000  
14:043  0:000    17. DAFD9000: 'DMAR', 'SNB', Rev: 1, Len: 184 -> DMAR.amlnot written Success
14:363  0:320  
14:363  0:000    18. DAFD8000: 'SSDT', 'IffsAsl', Rev: 1, Len: 208 -> SSDT-5-IffsAsl.amlnot written Success
14:542  0:178  
14:542  0:000    19. DAFD7000: 'UEFI', 'TP-G2', Rev: 1, Len: 658 -> UEFI.amlnot written Success
14:812  0:269  
14:812  0:000    20. DAFD6000: 'DBG2', 'TP-G2', Rev: 0, Len: 233 -> DBG2.amlnot written Success
15:137  0:325  
15:137  0:000    21. DAFD5000: 'BGRT', 'TP-G2', Rev: 0, Len: 56 -> BGRT.amlnot written Success
15:467  0:329  
15:467  0:000    Tables in Rsdt: 22
15:467  0:000    0. DAFE4000: 'FACP', 'TP-G2', Rev: 4, Len: 244 -> RSDT-FACP.amlnot written Success
15:769  0:302  
15:769  0:000        (Dsdt: DAFE7000, Facs: DAF5A000, XDsdt: 0, XFacs: 0)
15:769  0:000        DAFE7000: 'DSDT', 'TP-G2', Rev: 1, Len: 70531
15:771  0:001        DAF5A000: 'FACS', Ver: 1, Len: 64
15:771  0:000    1. DAFFD000: 'SLIC', 'TP-G2', Rev: 1, Len: 374
15:771  0:000    2. DAFFC000: 'TCPA', 'LENOVO', Rev: 2, Len: 50
15:771  0:000    3. DAFFB000: 'SSDT', 'TP-SSDT2', Rev: 1, Len: 1032
15:771  0:000    4. DAFFA000: 'SSDT', 'TP-SSDT1', Rev: 1, Len: 51
15:771  0:000    5. DAFF9000: 'SSDT', 'SataAhci', Rev: 1, Len: 1960
15:771  0:000    6. DAFE3000: 'HPET', 'TP-G2', Rev: 1, Len: 56
15:771  0:000    7. DAFE2000: 'APIC', 'TP-G2', Rev: 1, Len: 152
15:771  0:000    8. DAFE1000: 'MCFG', 'TP-G2', Rev: 1, Len: 60
15:771  0:000    9. DAFE0000: 'ECDT', 'TP-G2', Rev: 1, Len: 82
15:771  0:000    10. DAFDF000: 'FPDT', 'TP-G2', Rev: 1, Len: 100
15:771  0:000    11. DAFE6000: 'ASF!', 'TP-G2', Rev: 32, Len: 165
15:771  0:000    12. DAFDE000: 'UEFI', 'TP-G2', Rev: 1, Len: 62
15:771  0:000    13. DAFDD000: 'UEFI', 'COMBUF', Rev: 1, Len: 66
15:771  0:000    14. DAFDC000: 'MSDM', 'TP-G2', Rev: 3, Len: 85
15:771  0:000    15. DAFDB000: 'SSDT', 'Cpu0Ist', Rev: 1, Len: 3193
15:771  0:000    16. DAFDA000: 'SSDT', 'CpuPm', Rev: 1, Len: 2691
15:771  0:000    17. DAFD9000: 'DMAR', 'SNB', Rev: 1, Len: 184
15:771  0:000    18. DAFD8000: 'SSDT', 'IffsAsl', Rev: 1, Len: 208
15:771  0:000    19. DAFD7000: 'UEFI', 'TP-G2', Rev: 1, Len: 658
15:771  0:000    20. DAFD6000: 'DBG2', 'TP-G2', Rev: 0, Len: 233
15:771  0:000    21. DAFD5000: 'BGRT', 'TP-G2', Rev: 0, Len: 56
15:771  0:000  Found UEFI Acpi 1.0 RSDP at DAFFE000
15:771  0:000  Printing ACPI tables from RSDP DAFFE000 ...
15:771  0:000   DAFFE000: 'RSD PTR ', Rev: 0 (Acpi 1.0), Len: 20
15:771  0:000    (Rsdt: DAFFE038)
15:771  0:000    DAFFE038: 'RSDT', 'TP-G2', Rev: 1, Len: 120
15:771  0:000    Tables in Rsdt: 21
15:771  0:000    0. DAFE4000: 'FACP', 'TP-G2', Rev: 4, Len: 244
15:771  0:000        (Dsdt: DAFE7000, Facs: DAF5A000, XDsdt: 0, XFacs: 0)
15:771  0:000        DAFE7000: 'DSDT', 'TP-G2', Rev: 1, Len: 70531
15:773  0:001        DAF5A000: 'FACS', Ver: 1, Len: 64
15:773  0:000    1. DAFFC000: 'TCPA', 'LENOVO', Rev: 2, Len: 50
15:773  0:000    2. DAFFB000: 'SSDT', 'TP-SSDT2', Rev: 1, Len: 1032
15:773  0:000    3. DAFFA000: 'SSDT', 'TP-SSDT1', Rev: 1, Len: 51
15:773  0:000    4. DAFF9000: 'SSDT', 'SataAhci', Rev: 1, Len: 1960
15:773  0:000    5. DAFE3000: 'HPET', 'TP-G2', Rev: 1, Len: 56
15:773  0:000    6. DAFE2000: 'APIC', 'TP-G2', Rev: 1, Len: 152
15:773  0:000    7. DAFE1000: 'MCFG', 'TP-G2', Rev: 1, Len: 60
15:773  0:000    8. DAFE0000: 'ECDT', 'TP-G2', Rev: 1, Len: 82
15:773  0:000    9. DAFDF000: 'FPDT', 'TP-G2', Rev: 1, Len: 100
15:773  0:000    10. DAFE6000: 'ASF!', 'TP-G2', Rev: 32, Len: 165
15:773  0:000    11. DAFDE000: 'UEFI', 'TP-G2', Rev: 1, Len: 62
15:773  0:000    12. DAFDD000: 'UEFI', 'COMBUF', Rev: 1, Len: 66
15:773  0:000    13. DAFDC000: 'MSDM', 'TP-G2', Rev: 3, Len: 85
15:773  0:000    14. DAFDB000: 'SSDT', 'Cpu0Ist', Rev: 1, Len: 3193
15:773  0:000    15. DAFDA000: 'SSDT', 'CpuPm', Rev: 1, Len: 2691
15:773  0:000    16. DAFD9000: 'DMAR', 'SNB', Rev: 1, Len: 184
15:773  0:000    17. DAFD8000: 'SSDT', 'IffsAsl', Rev: 1, Len: 208
15:773  0:000    18. DAFD7000: 'UEFI', 'TP-G2', Rev: 1, Len: 658
15:773  0:000    19. DAFD6000: 'DBG2', 'TP-G2', Rev: 0, Len: 233
15:773  0:000    20. DAFD5000: 'BGRT', 'TP-G2', Rev: 0, Len: 56
16:054  0:280  not written Success
16:054  0:000  BootVariable of the entry is empty
16:054  0:000  === [ StartLoader ] =======================================
16:054  0:000  Finally: ExternalClock=25MHz BusSpeed=99774kHz CPUFreq=2594MHz PIS: hw.busfrequency=100000000Hz
16:054  0:000  Loading boot.efi  status=Success
16:079  0:024  GetOSVersion: 10.14.1 (18B75)
16:079  0:000  CSR_CFG: CSR_ALLOW_UNTRUSTED_KEXTS | CSR_ALLOW_UNRESTRICTED_FS | CSR_ALLOW_TASK_FOR_PID | CSR_ALLOW_UNRESTRICTED_DTRACE | CSR_ALLOW_UNRESTRICTED_NVRAM
16:079  0:000  Filtering KextPatches:
16:079  0:000   - [00]: IOBluetoothFamily (10.11+-BT4LE-Handoff-Hotspot-lisai9093) :: BinPatch :: [OS: 10.14.1 | MatchOS: All | MatchBuild: All] ==> allowed
16:079  0:000   - [01]: AirPortBrcm4360 (10.11+-BCM94352-5GHz-US-FCC-darkvoid) :: BinPatch :: [OS: 10.14.1 | MatchOS: All | MatchBuild: All] ==> disabled by user
16:079  0:000   - [02]: AirPortBrcm4360 (10.12-BCM94352-0x43b114e4-Info.plist-bpresles) :: PlistPatch :: [OS: 10.14.1 | MatchOS: All | MatchBuild: All] ==> disabled by user
16:079  0:000   - [03]: AirPortBrcm4360 (10.9-BCM94352-5 GHz) :: BinPatch :: [OS: 10.14.1 | MatchOS: All | MatchBuild: All] ==> disabled by user
16:079  0:000   - [04]: AirPortBrcm4360 (10.11+-BCM94352-Whitelest-0x4331-iMac14,3-skvo) :: BinPatch :: [OS: 10.14.1 | MatchOS: All | MatchBuild: All] ==> disabled by user
16:079  0:000   - [05]: AirPortBrcm4360 (10.11+-BCM94352-Whitelest-0x4353-MacBoolAir5,2-skvo) :: BinPatch :: [OS: 10.14.1 | MatchOS: All | MatchBuild: All] ==> disabled by user
16:079  0:000   - [06]: AirPortBrcm4360 (10.11-BCM94352-CC=#a-Ramalama) :: BinPatch :: [OS: 10.14.1 | MatchOS: All | MatchBuild: All] ==> disabled by user
16:079  0:000   - [07]: AirPortBrcm4360 (10.11+-BCM94352-Airport-Extreme-skvo) :: BinPatch :: [OS: 10.14.1 | MatchOS: All | MatchBuild: All] ==> disabled by user
16:079  0:000   - [08]: AirPortBrcm4360 (10.10-BCM94352-5GHz-US-FCC-dv) :: BinPatch :: [OS: 10.14.1 | MatchOS: All | MatchBuild: All] ==> disabled by user
16:079  0:000   - [09]: AirPortBrcm4360 (10.12-BCM94352-fvco-darkvoid) :: BinPatch :: [OS: 10.14.1 | MatchOS: All | MatchBuild: All] ==> disabled by user
16:079  0:000   - [10]: AppleHDA (Zeroing 10ec0885 codec (patched by AppleHDA Patcher.app)) :: BinPatch :: [OS: 10.14.1 | MatchOS: All | MatchBuild: All] ==> allowed
16:079  0:000   - [11]: AppleHDA (Patching 11d41984 with 10ec0269 codec (patched by AppleHDA Patcher.app)) :: BinPatch :: [OS: 10.14.1 | MatchOS: All | MatchBuild: All] ==> allowed
16:079  0:000   - [12]: com.apple.driver.AppleBacklight (change F%uT%04x to F%uTxxxx for AppleBacklightInjector.kext (credit RehabMan)) :: BinPatch :: [OS: 10.14.1 | MatchOS: All | MatchBuild: All] ==> disabled by user
16:079  0:000   - [13]: IOGraphicsFamily (Boot graphics glitch) :: BinPatch :: [OS: 10.14.1 | MatchOS: All | MatchBuild: All] ==> allowed
16:079  0:000   - [14]: com.apple.driver.AppleBacklight (change F%uT%04x to F%uTxxxx in AppleBacklightInjector.kext (credit RehabMan)) :: BinPatch :: [OS: 10.14.1 | MatchOS: All | MatchBuild: All] ==> disabled by user
16:079  0:000  Will not patch boot.efi
16:079  0:000  EmuVariable InstallEmulation: orig vars copied, emu.var.services installed, CreateEvent VirtualAddressChange = Success, CreateEvent ExitBootServices = Success, set Status=Success
16:143  0:064  === [ PatchSmbios ] =======================================
16:143  0:000  insert table 9 for dev 19:0
16:143  0:000  insert table 9 for dev 0:0
16:144  0:000  Trusting SMBIOS...
16:144  0:000  Channels: 1
16:144  0:000  Interleave: 0 1 2 3 4 5 6 7 8 9 10 11 12 13 14 15 16 17 18 19 20 21 22 23
16:144  0:000   partNum=9905428-095.D00LF 
16:144  0:000  SMBIOS Type 17 Index = 0 => 0 0:
16:144  0:000  BANK 0 DIMM0 1600MHz 8192MB
16:144  0:000   partNum=9905428-095.D00LF 
16:144  0:000  SMBIOS Type 17 Index = 1 => 1 1:
16:144  0:000  BANK 0 DIMM1 1600MHz 8192MB
16:144  0:000  mTotalSystemMemory = 16384
16:144  0:000  NumberOfMemoryDevices = 2
16:144  0:000  Table 131 is present, CPUType=1
16:144  0:000  Change to: 604
16:144  0:000  === [ PatchACPI ] =========================================
16:144  0:000  Xsdt reallocation done
16:144  0:000  old FADT length=10C
16:144  0:000   SignatureFixup: 0x0 -> 0x0
16:144  0:000  DSDT found in Clover volume OEM folder: EFI\CLOVER\ACPI\patched\DSDT.aml
16:160  0:015  Apply DsdtFixMask=0x00004004
16:160  0:000     drop _DSM mask=0x0000
16:160  0:000  === [ FixBiosDsdt ] =======================================
16:160  0:000  USBADR[0] = 0x1D0000 and PCIe = 0xFFFE
16:160  0:000  USBADR[1] = 0x1A0000 and PCIe = 0xFFFE
16:160  0:000  USBADR[2] = 0x140000 and PCIe = 0xFFFE
16:160  0:000  VideoCard devID=0x1668086
16:160  0:000  DisplayADR1[0] = 0x20000, DisplayADR2[0] = 0xFFFE
16:160  0:000  Audio HDA (addr:0x1B0000) setting specified layout-id=3 (0x3)
16:160  0:000  Patching DSDT:
16:160  0:000   - [Rename GFX0 to IGPU]: pattern 47465830, bin not found / already patched!
16:160  0:000    0 replacements
16:160  0:000  first CPU found at 2B offset 2E
16:160  0:000  score candidate at 27
16:160  0:000  score inserted in acpi_cpu_score _PR_
16:160  0:000  Found ACPI CPU: CPU0 | CPU1 | CPU2 | CPU3 | CPU4 | CPU5 | CPU6 | CPU7 , within the score: _PR_
16:161  0:000  Start Airport Fix
16:161  0:000  found Airport device [001C0001:0] at 75E1 And Name is ARPT
16:161  0:000  _DSM already exists, patch ARPT will not be applied
16:161  0:000  Start SHUTDOWN Fix len=FBF3
16:161  0:000  PreCleanup XSDT: count=22, length=212
16:161  0:000  PreCleanup XSDT, corrected XSDT: count=22, length=212
16:161  0:000  === [ ACPIDropTables ] ====================================
16:161  0:000  0. [Rename GFX0 to IGPU]: pattern 47465830, bin not found / already patched!
16:161  0:000    0 replacements
16:161  0:000  0. [Rename GFX0 to IGPU]: pattern 47465830, bin not found / already patched!
16:161  0:000    0 replacements
16:161  0:000  0. [Rename GFX0 to IGPU]: pattern 47465830, bin not found / already patched!
16:161  0:000    0 replacements
16:161  0:000  0. [Rename GFX0 to IGPU]: pattern 47465830, bin not found / already patched!
16:161  0:000    0 replacements
16:161  0:000  0. [Rename GFX0 to IGPU]: pattern 47465830, bin not found / already patched!
16:161  0:000    0 replacements
16:161  0:000  Found OperationRegion(PPMT, SystemMemory, DAF58F98, ...)
16:162  0:000  0. [Rename GFX0 to IGPU]: pattern 47465830, bin not found / already patched!
16:162  0:000    0 replacements
16:162  0:000  Found OperationRegion(FFSN, SystemMemory, DAF58F18, ...)
16:162  0:000  === [ ACPIPatchedAML ] ====================================
16:162  0:000  Unsorted
16:162  0:000  Inserting SSDT-PNLF.aml from EFI\CLOVER\ACPI\patched: size=1028 ... Success
16:167  0:005  Inserting SSDT.aml from EFI\CLOVER\ACPI\patched: size=1806 ... Success
16:173  0:005  Inserting SSDT-ARPT-RP06-4352.aml from EFI\CLOVER\ACPI\patched: size=139 ... Success
16:173  0:000  Inserting SSDT-ARPT-RP07-4352.aml from EFI\CLOVER\ACPI\patched: size=139 ... Success
16:173  0:000  Inserting SSDT-Config.aml from EFI\CLOVER\ACPI\patched: size=687 ... Success
16:173  0:000  Inserting SSDT-ARPT-RP05-4352.aml from EFI\CLOVER\ACPI\patched: size=139 ... Success
16:173  0:000  Inserting SSDT-ARPT-RP04-4352.aml from EFI\CLOVER\ACPI\patched: size=139 ... Success
16:173  0:000  CPUBase=0 and ApicCPUBase=1 ApicCPUNum=8
16:173  0:000  Maximum control=0x1A
16:173  0:000  Turbo control=0x20
16:173  0:000  P-States: min 0x7, max 0x20
16:173  0:000  SSDT with CPU P-States and plugin-type generated successfully
16:173  0:000  SSDT with CPU C-States generated successfully
16:173  0:000  Cleanup XSDT: count=31, length=284
16:173  0:000  corrected XSDT count=31, length=284
16:173  0:000  === [ RestSetup macOS ] ===================================
16:173  0:000  EdidDiscovered size=128
16:173  0:000  --- Discovered EDID Table size:128
16:173  0:000  000  |  00  FF  FF  FF  FF  FF  FF  00  30  AE
16:173  0:000  010  |  E2  40  00  00  00  00  00  14  01  03
16:173  0:000  020  |  80  1C  10  78  EA  D4  E5  95  59  57
16:173  0:000  030  |  8B  28  20  50  54  00  00  00  01  01
16:173  0:000  040  |  01  01  01  01  01  01  01  01  01  01
16:173  0:000  050  |  01  01  01  01  3A  1B  56  70  50  00
16:173  0:000  060  |  12  30  30  38  47  00  15  9C  10  00
16:173  0:000  070  |  00  1B  3A  1B  56  26  51  00  48  30
16:173  0:000  080  |  30  38  47  00  15  9C  10  00  00  1B
16:173  0:000  090  |  00  00  00  0F  00  8C  09  32  8C  09
16:173  0:000  100  |  28  1E  0A  00  30  E4  D8  02  00  00
16:173  0:000  110  |  00  FE  00  4C  50  31  32  35  57  48
16:173  0:000  120  |  32  2D  53  4C  42  33  00  11
16:173  0:000      ProductID = 0x40E2 changed to 0x9C7C
16:173  0:000  --- Patched EDID Table size:128
16:173  0:000  000  |  00  FF  FF  FF  FF  FF  FF  00  30  AE
16:173  0:000  010  |  7C  9C  00  00  00  00  00  14  01  03
16:173  0:000  020  |  80  1C  10  78  EA  D4  E5  95  59  57
16:173  0:000  030  |  8B  28  20  50  54  00  00  00  01  01
16:173  0:000  040  |  01  01  01  01  01  01  01  01  01  01
16:173  0:000  050  |  01  01  01  01  3A  1B  56  70  50  00
16:173  0:000  060  |  12  30  30  38  47  00  15  9C  10  00
16:173  0:000  070  |  00  1B  3A  1B  56  26  51  00  48  30
16:173  0:000  080  |  30  38  47  00  15  9C  10  00  00  1B
16:173  0:000  090  |  00  00  00  0F  00  8C  09  32  8C  09
16:173  0:000  100  |  28  1E  0A  00  30  E4  D8  02  00  00
16:173  0:000  110  |  00  FE  00  4C  50  31  32  35  57  48
16:173  0:000  120  |  32  2D  53  4C  42  33  00  1B
16:173  0:000  Intel HD Graphics 4000 [8086:0166] :: PciRoot(0x0)\Pci(0x2,0x0)
16:173  0:000    Found Full Wide XGA Display - 16:9 :: Width=1366 Height=768
16:173  0:000    AAPL00,override-no-connect: added
16:173  0:000    Beginning DualLink auto-detection
16:173  0:000    Low Resolution Display
16:173  0:000    AAPL00,DualLink: not used
16:173  0:000    FakeID Intel GFX: not set
16:173  0:000    ig-platform-id = 0x01660003
16:173  0:000    Beginning Intel GFX auto-detection with ACPI injection
16:173  0:000    Found FakeID Intel GFX = 0x01668086
16:173  0:000  Intel GFX revision  = 0x9
16:173  0:000   setting specified layout-id=3 (0x3)
16:173  0:000  stringlength = 1850
16:174  0:000  CurrentMode: Width=1366 Height=768
16:174  0:000  Beginning FSInjection
FSInjectionInstall ...
- Our FSI_SIMPLE_FILE_SYSTEM_PROTOCOL installed on handle: D1C78B98
FSInjectionInstall ...
- Our FSI_SIMPLE_FILE_SYSTEM_PROTOCOL installed on handle: D1C78B98
16:177  0:003  Use origin smbios table type 1 guid.
16:178  0:000  Preparing kexts injection for arch=x86_64 from EFI\CLOVER\kexts\Other
16:178  0:000  Extra kext: EFI\CLOVER\kexts\Other\BrcmPatchRAM2.kext (v.2.2.10)
16:182  0:004  Extra kext: EFI\CLOVER\kexts\Other\FakeSMC.kext (v.1800)
16:196  0:014  Extra kext: EFI\CLOVER\kexts\Other\VoodooPS2Controller.kext (v.1.9.2)
16:210  0:013    |-- PlugIn kext: EFI\CLOVER\kexts\Other\VoodooPS2Controller.kext\Contents\PlugIns\VoodooPS2Mouse.kext (v.1.9.2)
16:211  0:000    |-- PlugIn kext: EFI\CLOVER\kexts\Other\VoodooPS2Controller.kext\Contents\PlugIns\VoodooPS2Keyboard.kext (v.1.9.2)
16:213  0:001    |-- PlugIn kext: EFI\CLOVER\kexts\Other\VoodooPS2Controller.kext\Contents\PlugIns\VoodooPS2Trackpad.kext (v.1.9.2)
16:220  0:007  Extra kext: EFI\CLOVER\kexts\Other\FakeSMC_CPUSensors.kext (v.1800)
16:226  0:006  Extra kext: EFI\CLOVER\kexts\Other\FakeSMC_GPUSensors.kext (v.1800)
16:238  0:011  Extra kext: EFI\CLOVER\kexts\Other\aDummyHDA.kext (v.999.1.1fc1)
16:245  0:006  Thinning fails
16:245  0:000  Thinning failed: EFI\CLOVER\kexts\Other\aDummyHDA.kext
16:245  0:000  Extra kext: EFI\CLOVER\kexts\Other\FakeSMC_ACPISensors.kext (v.1800)
16:251  0:006  Extra kext: EFI\CLOVER\kexts\Other\IntelMausiEthernet.kext (v.2.4.0d0)
16:263  0:011  Extra kext: EFI\CLOVER\kexts\Other\FakeSMC_LPCSensors.kext (v.1800)
16:316  0:052  Extra kext: EFI\CLOVER\kexts\Other\FakeSMC_SMMSensors.kext (v.1800)
16:322  0:006  Extra kext: EFI\CLOVER\kexts\Other\VoodooHDA.kext (v.2.9.1)
16:339  0:017  Extra kext: EFI\CLOVER\kexts\Other\BrcmFirmwareData.kext (v.2.2.10)
16:555  0:215  Extra kext: EFI\CLOVER\kexts\Other\realtekALC.kext (v.1.0)
16:556  0:001  Extra kext: EFI\CLOVER\kexts\Other\ACPIBatteryManager.kext (v.1.90.1)
16:570  0:013  Preparing kexts injection for arch=x86_64 from EFI\CLOVER\kexts\10.14
16:575  0:005  Custom boot screen not used because entry has unset use graphics
16:575  0:000  Closing log
